<?xml version="1.0" encoding="utf-8"?><testsuites name="pytest tests"><testsuite name="pytest" errors="0" failures="0" skipped="0" tests="5" time="1.792" timestamp="2026-07-31T12:58:47.384122+00:00" hostname="agent-env-628dcea3-059e-47ef-8298-f1264a41578b"><testcase classname="tests.test_auth_ecommerce.TestAuthEndpoints" name="test_admin_login" time="0.247" /><testcase classname="tests.test_auth_ecommerce.TestAuthEndpoints" name="test_login_invalid_credentials" time="0.233" /><testcase classname="tests.test_auth_ecommerce.TestAuthEndpoints" name="test_register_new_user" time="0.229" /><testcase classname="tests.test_auth_ecommerce.TestAuthEndpoints" name="test_get_me_authenticated" time="0.271" /><testcase classname="tests.test_auth_ecommerce.TestAuthEndpoints" name="test_logout" time="0.269" /></testsuite></testsuites>