<?xml version="1.0" encoding="utf-8"?><testsuites name="pytest tests"><testsuite name="pytest" errors="0" failures="2" skipped="0" tests="31" time="7.149" timestamp="2026-07-31T14:08:55.151315+00:00" hostname="agent-env-628dcea3-059e-47ef-8298-f1264a41578b"><testcase classname="tests.backend_test.TestOrdersAndAuthorization" name="test_create_order_and_mine_timeline" time="1.828" /><testcase classname="tests.backend_test.TestAuthenticationAndSecurity" name="test_admin_login_sets_secure_httponly_cookies" time="1.751" /><testcase classname="tests.backend_test.TestAuthenticationAndSecurity" name="test_auth_me_works_with_cookie" time="0.039" /><testcase classname="tests.backend_test.TestAuthenticationAndSecurity" name="test_protected_endpoints_reject_unauthenticated[get-/api/addresses-None]" time="0.080" /><testcase classname="tests.backend_test.TestOrdersAndAuthorization" name="test_non_admin_forbidden_from_admin_operations" time="0.201" /><testcase classname="tests.backend_test.TestAuthenticationAndSecurity" name="test_protected_endpoints_reject_unauthenticated[post-/api/addresses-payload1]" time="0.070" /><testcase classname="tests.backend_test.TestAuthenticationAndSecurity" name="test_protected_endpoints_reject_unauthenticated[get-/api/orders/mine-None]" time="0.081" /><testcase classname="tests.backend_test.TestAuthenticationAndSecurity" name="test_protected_endpoints_reject_unauthenticated[get-/api/orders-None]" time="0.123" /><testcase classname="tests.backend_test.TestOrdersAndAuthorization" name="test_admin_status_updates_invalid_rejected_and_cancel_blocked" time="0.958" /><testcase classname="tests.backend_test.TestAuthenticationAndSecurity" name="test_protected_endpoints_reject_unauthenticated[post-/api/orders-payload4]" time="0.074" /><testcase classname="tests.backend_test.TestAuthenticationAndSecurity" name="test_protected_endpoints_reject_unauthenticated[post-/api/products-payload5]" time="0.075" /><testcase classname="tests.backend_test.TestAuthenticationAndSecurity" name="test_credentialed_cors_uses_explicit_origin" time="0.292"><failure message="AssertionError: assert '*' == 'https://qa-c...t.example.com'&#10;  &#10;  - https://qa-client.example.com&#10;  + *">backend/tests/backend_test.py:165: in test_credentialed_cors_uses_explicit_origin
    assert response.headers.get("access-control-allow-origin") == origin
E   AssertionError: assert '*' == 'https://qa-c...t.example.com'
E     
E     - https://qa-client.example.com
E     + *</failure></testcase><testcase classname="tests.backend_test.TestAuthenticationAndSecurity" name="test_brute_force_lockout_after_five_failures" time="2.636"><failure message="AssertionError: No lockout after six attempts: [400, 400, 400, 400, 400, 400]&#10;assert (400 == 429 or 400 == 429)">backend/tests/backend_test.py:177: in test_brute_force_lockout_after_five_failures
    assert statuses[4] == 429 or statuses[5] == 429, f"No lockout after six attempts: {statuses}"
E   AssertionError: No lockout after six attempts: [400, 400, 400, 400, 400, 400]
E   assert (400 == 429 or 400 == 429)</failure></testcase><testcase classname="tests.backend_test.TestOrdersAndAuthorization" name="test_owner_can_cancel_unshipped_order" time="0.560" /><testcase classname="tests.backend_test.TestOrdersAndAuthorization" name="test_status_update_missing_order_returns_404" time="0.077" /><testcase classname="tests.backend_test.TestOrdersAndAuthorization" name="test_malformed_order_id_returns_404[get]" time="0.195" /><testcase classname="tests.backend_test.TestOrdersAndAuthorization" name="test_malformed_order_id_returns_404[status]" time="0.080" /><testcase classname="tests.backend_test.TestOrdersAndAuthorization" name="test_malformed_order_id_returns_404[cancel]" time="0.483" /><testcase classname="tests.backend_test.TestProducts" name="test_products_are_seeded_with_required_fields" time="0.261" /><testcase classname="tests.backend_test.TestProducts" name="test_category_filter" time="0.074" /><testcase classname="tests.backend_test.TestProducts" name="test_query_search" time="0.525" /><testcase classname="tests.backend_test.TestProducts" name="test_search_suggestions_are_limited_and_matching" time="0.109" /><testcase classname="tests.backend_test.TestAddresses" name="test_first_address_auto_default_and_user_scope" time="0.079" /><testcase classname="tests.backend_test.TestAddresses" name="test_set_default_unsets_other_address" time="0.250" /><testcase classname="tests.backend_test.TestProducts" name="test_invalid_product_id_returns_404_not_server_error" time="0.100" /><testcase classname="tests.backend_test.TestProducts" name="test_malformed_product_delete_returns_404" time="0.396" /><testcase classname="tests.backend_test.TestAddresses" name="test_foreign_default_request_does_not_clear_own_default" time="0.083" /><testcase classname="tests.backend_test.TestAddresses" name="test_nonexistent_default_request_does_not_clear_own_default" time="0.332" /><testcase classname="tests.backend_test.TestAddresses" name="test_malformed_address_id_returns_404[delete]" time="0.079" /><testcase classname="tests.backend_test.TestAddresses" name="test_malformed_address_id_returns_404[default]" time="0.042" /><testcase classname="tests.backend_test.TestAddresses" name="test_delete_address_and_verify_removal" time="0.330" /></testsuite></testsuites>