<?xml version="1.0" encoding="utf-8"?><testsuites name="pytest tests"><testsuite name="pytest" errors="0" failures="5" skipped="0" tests="24" time="5.924" timestamp="2026-07-31T13:59:01.647736+00:00" hostname="agent-env-628dcea3-059e-47ef-8298-f1264a41578b"><testcase classname="tests.backend_test.TestProducts" name="test_products_are_seeded_with_required_fields" time="0.331" /><testcase classname="tests.backend_test.TestProducts" name="test_category_filter" time="0.085" /><testcase classname="tests.backend_test.TestProducts" name="test_query_search" time="0.231" /><testcase classname="tests.backend_test.TestProducts" name="test_search_suggestions_are_limited_and_matching" time="0.121" /><testcase classname="tests.backend_test.TestProducts" name="test_invalid_product_id_returns_404_not_server_error" time="0.233"><failure message="AssertionError: Internal Server Error&#10;assert 500 == 404&#10; +  where 500 = &lt;Response [500]&gt;.status_code">backend/tests/backend_test.py:216: in test_invalid_product_id_returns_404_not_server_error
    assert response.status_code == 404, response.text
E   AssertionError: Internal Server Error
E   assert 500 == 404
E    +  where 500 = &lt;Response [500]&gt;.status_code</failure></testcase><testcase classname="tests.backend_test.TestAuthenticationAndSecurity" name="test_admin_login_sets_secure_httponly_cookies" time="1.081" /><testcase classname="tests.backend_test.TestAuthenticationAndSecurity" name="test_auth_me_works_with_cookie" time="0.033" /><testcase classname="tests.backend_test.TestAuthenticationAndSecurity" name="test_protected_endpoints_reject_unauthenticated[get-/api/addresses-None]" time="0.225" /><testcase classname="tests.backend_test.TestAuthenticationAndSecurity" name="test_protected_endpoints_reject_unauthenticated[post-/api/addresses-payload1]" time="0.079" /><testcase classname="tests.backend_test.TestAuthenticationAndSecurity" name="test_protected_endpoints_reject_unauthenticated[get-/api/orders/mine-None]" time="0.373" /><testcase classname="tests.backend_test.TestAuthenticationAndSecurity" name="test_protected_endpoints_reject_unauthenticated[get-/api/orders-None]" time="0.292" /><testcase classname="tests.backend_test.TestAuthenticationAndSecurity" name="test_protected_endpoints_reject_unauthenticated[post-/api/orders-payload4]" time="0.081" /><testcase classname="tests.backend_test.TestAuthenticationAndSecurity" name="test_protected_endpoints_reject_unauthenticated[post-/api/products-payload5]" time="0.071" /><testcase classname="tests.backend_test.TestOrdersAndAuthorization" name="test_create_order_and_mine_timeline" time="1.593" /><testcase classname="tests.backend_test.TestAuthenticationAndSecurity" name="test_credentialed_cors_uses_explicit_origin" time="0.297"><failure message="AssertionError: assert '*' == 'https://qa-c...t.example.com'&#10;  &#10;  - https://qa-client.example.com&#10;  + *">backend/tests/backend_test.py:165: in test_credentialed_cors_uses_explicit_origin
    assert response.headers.get("access-control-allow-origin") == origin
E   AssertionError: assert '*' == 'https://qa-c...t.example.com'
E     
E     - https://qa-client.example.com
E     + *</failure></testcase><testcase classname="tests.backend_test.TestAuthenticationAndSecurity" name="test_brute_force_lockout_after_five_failures" time="1.933"><failure message="AssertionError: No lockout after six attempts: [400, 400, 400, 400, 400, 400]&#10;assert (400 == 429 or 400 == 429)">backend/tests/backend_test.py:177: in test_brute_force_lockout_after_five_failures
    assert statuses[4] == 429 or statuses[5] == 429, f"No lockout after six attempts: {statuses}"
E   AssertionError: No lockout after six attempts: [400, 400, 400, 400, 400, 400]
E   assert (400 == 429 or 400 == 429)</failure></testcase><testcase classname="tests.backend_test.TestOrdersAndAuthorization" name="test_non_admin_forbidden_from_admin_operations" time="0.348" /><testcase classname="tests.backend_test.TestOrdersAndAuthorization" name="test_admin_status_updates_invalid_rejected_and_cancel_blocked" time="1.805" /><testcase classname="tests.backend_test.TestAddresses" name="test_first_address_auto_default_and_user_scope" time="0.111" /><testcase classname="tests.backend_test.TestAddresses" name="test_set_default_unsets_other_address" time="0.162" /><testcase classname="tests.backend_test.TestOrdersAndAuthorization" name="test_owner_can_cancel_unshipped_order" time="0.197" /><testcase classname="tests.backend_test.TestAddresses" name="test_foreign_default_request_does_not_clear_own_default" time="0.184"><failure message="AssertionError: A failed foreign-ID request cleared the current user's default address&#10;assert False">backend/tests/backend_test.py:275: in test_foreign_default_request_does_not_clear_own_default
    assert own_default_preserved, "A failed foreign-ID request cleared the current user's default address"
E   AssertionError: A failed foreign-ID request cleared the current user's default address
E   assert False</failure></testcase><testcase classname="tests.backend_test.TestAddresses" name="test_delete_address_and_verify_removal" time="0.346" /><testcase classname="tests.backend_test.TestOrdersAndAuthorization" name="test_status_update_missing_order_returns_404" time="0.308"><failure message="AssertionError: {&quot;message&quot;:&quot;Order status updated&quot;,&quot;status&quot;:&quot;Packed&quot;}&#10;assert 200 == 404&#10; +  where 200 = &lt;Response [200]&gt;.status_code">backend/tests/backend_test.py:378: in test_status_update_missing_order_returns_404
    assert response.status_code == 404, response.text
E   AssertionError: {"message":"Order status updated","status":"Packed"}
E   assert 200 == 404
E    +  where 200 = &lt;Response [200]&gt;.status_code</failure></testcase></testsuite></testsuites>